2023-08-24 17:51:14,967 [Worker-0: Loading available Gradle versions] INFO  o.e.b.c.i.u.g.PublishedGradleVersions - Gradle version information cache is out-of-date. Trying to update.
2023-08-24 17:52:42,952 [Worker-2: Importing Maven projects] INFO  o.e.m.c.i.l.LifecycleMappingFactory - Using org.eclipse.m2e.jdt.JarLifecycleMapping lifecycle mapping for MavenProject: SaleforceDemo:SaleforceDemo:0.0.1-SNAPSHOT @ E:\EclipseWorkSpace\SaleforceDemo\SaleforceDemoAutomation-master\pom.xml.
2023-08-24 17:52:48,002 [Worker-2: Importing Maven projects] WARN  o.e.m.c.i.embedder.EclipseLogger - The POM for org.apache.commons:commons-exec:jar:1.3 is invalid, transitive dependencies (if any) will not be available, enable debug logging for more details
2023-08-24 17:53:08,510 [Worker-2: Importing Maven projects] INFO  o.e.m.j.i.AbstractJavaProjectConfigurator - Adding source folder /SaleforceDemo/src/main/java
2023-08-24 17:53:08,511 [Worker-2: Importing Maven projects] INFO  o.e.m.j.i.AbstractJavaProjectConfigurator - Adding resource folder /SaleforceDemo/src/main/resources
2023-08-24 17:53:08,514 [Worker-2: Importing Maven projects] INFO  o.e.m.j.i.AbstractJavaProjectConfigurator - Adding source folder /SaleforceDemo/src/test/java
2023-08-24 17:53:08,515 [Worker-2: Importing Maven projects] INFO  o.e.m.j.i.AbstractJavaProjectConfigurator - Adding resource folder /SaleforceDemo/src/test/resources
2023-08-24 17:53:09,043 [Worker-2: Importing Maven projects] INFO  o.e.m.c.i.p.ProjectConfigurationManager - Imported and configured 1 project(s) in 36 sec
2023-08-24 17:53:11,212 [Worker-2: Updating Maven Project] INFO  o.e.m.c.i.p.ProjectConfigurationManager - Update started
2023-08-24 17:53:14,216 [Worker-2: Updating Maven Project] INFO  o.e.m.c.i.l.LifecycleMappingFactory - Using org.eclipse.m2e.jdt.JarLifecycleMapping lifecycle mapping for MavenProject: SaleforceDemo:SaleforceDemo:0.0.1-SNAPSHOT @ E:\EclipseWorkSpace\SaleforceDemo\SaleforceDemoAutomation-master\pom.xml.
2023-08-24 17:53:14,832 [Worker-2: Updating Maven Project] WARN  o.e.m.c.i.embedder.EclipseLogger - The POM for org.apache.commons:commons-exec:jar:1.3 is invalid, transitive dependencies (if any) will not be available, enable debug logging for more details
2023-08-24 17:53:20,027 [Worker-2: Updating Maven Project] INFO  o.e.m.j.i.AbstractJavaProjectConfigurator - Adding source folder /SaleforceDemo/src/main/java
2023-08-24 17:53:20,028 [Worker-2: Updating Maven Project] INFO  o.e.m.j.i.AbstractJavaProjectConfigurator - Adding resource folder /SaleforceDemo/src/main/resources
2023-08-24 17:53:20,029 [Worker-2: Updating Maven Project] INFO  o.e.m.j.i.AbstractJavaProjectConfigurator - Adding source folder /SaleforceDemo/src/test/java
2023-08-24 17:53:20,029 [Worker-2: Updating Maven Project] INFO  o.e.m.j.i.AbstractJavaProjectConfigurator - Adding resource folder /SaleforceDemo/src/test/resources
2023-08-24 17:53:20,695 [Worker-2: Updating Maven Project] INFO  o.e.m.c.i.p.ProjectConfigurationManager - Update completed for 1 poms: local refresh takes 0.00 sec, refresh facades takes 7.00 sec, update config takes 1.00 sec 
2023-08-24 17:53:22,747 [Worker-4: Building] WARN  o.a.m.s.f.DefaultMavenResourcesFiltering - Using platform encoding (Cp1252 actually) to copy filtered resources, i.e. build is platform dependent!
2023-08-24 17:53:22,903 [Worker-4: Building] INFO  o.a.m.s.f.DefaultMavenResourcesFiltering - Copying 2 resources
2023-08-24 17:53:22,985 [Worker-4: Building] WARN  o.a.m.s.f.DefaultMavenResourcesFiltering - Using platform encoding (Cp1252 actually) to copy filtered resources, i.e. build is platform dependent!
2023-08-24 17:53:23,009 [Worker-4: Building] INFO  o.a.m.s.f.DefaultMavenResourcesFiltering - skip non existing resourceDirectory E:\EclipseWorkSpace\SaleforceDemo\SaleforceDemoAutomation-master\src\test\resources
2023-08-27 21:30:55,172 [Worker-2: Loading available Gradle versions] INFO  o.e.b.c.i.u.g.PublishedGradleVersions - Gradle version information cache is out-of-date. Trying to update.
2023-08-27 21:31:33,674 [Worker-13: Building] WARN  o.e.m.c.i.embedder.EclipseLogger - The POM for org.apache.commons:commons-exec:jar:1.3 is invalid, transitive dependencies (if any) will not be available, enable debug logging for more details
2023-08-27 21:31:42,446 [Worker-13: Building] WARN  o.a.m.s.f.DefaultMavenResourcesFiltering - Using platform encoding (Cp1252 actually) to copy filtered resources, i.e. build is platform dependent!
2023-08-27 21:31:42,498 [Worker-13: Building] INFO  o.a.m.s.f.DefaultMavenResourcesFiltering - Copying 2 resources
2023-08-27 21:31:42,535 [Worker-13: Building] WARN  o.a.m.s.f.DefaultMavenResourcesFiltering - Using platform encoding (Cp1252 actually) to copy filtered resources, i.e. build is platform dependent!
2023-08-27 21:31:42,549 [Worker-13: Building] INFO  o.a.m.s.f.DefaultMavenResourcesFiltering - skip non existing resourceDirectory E:\EclipseWorkSpace\SaleforceDemo\SaleforceDemoAutomation-master\src\test\resources
